[debug] [2020-09-13T15:18:31.080Z] ----------------------------------------------------------------------
[debug] [2020-09-13T15:18:31.084Z] Command:       C:\Program Files\nodejs\node.exe C:\Users\vishr\AppData\Roaming\npm\node_modules\firebase-tools\lib\bin\firebase.js emulators:start
[debug] [2020-09-13T15:18:31.085Z] CLI Version:   8.10.0
[debug] [2020-09-13T15:18:31.085Z] Platform:      win32
[debug] [2020-09-13T15:18:31.085Z] Node Version:  v12.18.3
[debug] [2020-09-13T15:18:31.292Z] Time:          Sun Sep 13 2020 20:48:31 GMT+0530 (India Standard Time)
[debug] [2020-09-13T15:18:31.292Z] ----------------------------------------------------------------------
[debug] [2020-09-13T15:18:31.292Z] 
[debug] [2020-09-13T15:18:31.423Z] > command requires scopes: ["email","openid","https://www.googleapis.com/auth/cloudplatformprojects.readonly","https://www.googleapis.com/auth/firebase","https://www.googleapis.com/auth/cloud-platform"]
[debug] [2020-09-13T15:18:31.424Z] > authorizing via signed-in user
[info] i  emulators: Starting emulators: functions {"metadata":{"emulator":{"name":"hub"},"message":"Starting emulators: functions"}}
[debug] [2020-09-13T15:18:34.191Z] [hub] writing locator at C:\Users\vishr\AppData\Local\Temp\hub-clone-bfb39.json
[warn] !  functions: The following emulators are not running, calls to these services from the Functions emulator will affect production: firestore, database, hosting, pubsub {"metadata":{"emulator":{"name":"functions"},"message":"The following emulators are not running, calls to these services from the Functions emulator will affect production: \u001b[1mfirestore, database, hosting, pubsub\u001b[22m"}}
[warn] !  Your requested "node" version "10" doesn't match your global version "12" {"metadata":{"emulator":{"name":"functions"},"message":"Your requested \"node\" version \"10\" doesn't match your global version \"12\""}}
[debug] [2020-09-13T15:18:37.103Z] defaultcredentials: writing to file C:\Users\vishr\AppData\Roaming\firebase\vishrudhrajrs14_gmail_com_application_default_credentials.json
[debug] [2020-09-13T15:18:37.179Z] Setting GAC to C:\Users\vishr\AppData\Roaming\firebase\vishrudhrajrs14_gmail_com_application_default_credentials.json {"metadata":{"emulator":{"name":"functions"},"message":"Setting GAC to C:\\Users\\vishr\\AppData\\Roaming\\firebase\\vishrudhrajrs14_gmail_com_application_default_credentials.json"}}
[debug] [2020-09-13T15:18:41.237Z] Ignoring unsupported arg: auto_download {"metadata":{"emulator":{"name":"ui"},"message":"Ignoring unsupported arg: auto_download"}}
[debug] [2020-09-13T15:18:41.238Z] Ignoring unsupported arg: port {"metadata":{"emulator":{"name":"ui"},"message":"Ignoring unsupported arg: port"}}
[debug] [2020-09-13T15:18:41.238Z] Starting Emulator UI with command {"binary":"node","args":["C:\\Users\\vishr\\.cache\\firebase\\emulators\\ui-v1.1.1\\server.bundle.js"],"optionalArgs":[],"joinArgs":false} {"metadata":{"emulator":{"name":"ui"},"message":"Starting Emulator UI with command {\"binary\":\"node\",\"args\":[\"C:\\\\Users\\\\vishr\\\\.cache\\\\firebase\\\\emulators\\\\ui-v1.1.1\\\\server.bundle.js\"],\"optionalArgs\":[],\"joinArgs\":false}"}}
[info] i  ui: Emulator UI logging to ui-debug.log {"metadata":{"emulator":{"name":"ui"},"message":"Emulator UI logging to \u001b[1mui-debug.log\u001b[22m"}}
[debug] [2020-09-13T15:18:41.971Z] Web / API server started at http://localhost:4000
 {"metadata":{"emulator":{"name":"ui"},"message":"Web / API server started at http://localhost:4000\n"}}
[info] i  functions: Watching "C:\Users\vishr\OneDrive\Desktop\Web disign\amazon-clone\functions" for Cloud Functions... {"metadata":{"emulator":{"name":"functions"},"message":"Watching \"C:\\Users\\vishr\\OneDrive\\Desktop\\Web disign\\amazon-clone\\functions\" for Cloud Functions..."}}
[debug] [2020-09-13T15:18:42.553Z] [worker-pool] addWorker(~diagnostic~) {"metadata":{"emulator":{"name":"functions"},"message":"[worker-pool] addWorker(~diagnostic~)"}}
[debug] [2020-09-13T15:18:42.553Z] [worker-pool] Adding worker with key ~diagnostic~, total=1 {"metadata":{"emulator":{"name":"functions"},"message":"[worker-pool] Adding worker with key ~diagnostic~, total=1"}}
[debug] [2020-09-13T15:18:42.553Z] [worker-pool] submitWork(triggerId=) {"metadata":{"emulator":{"name":"functions"},"message":"[worker-pool] submitWork(triggerId=)"}}
[debug] [2020-09-13T15:18:42.554Z] [worker-~diagnostic~-8b479bfb-5102-463b-a5a1-4f07f8f082d1]: Assigning socketPath: \\?\pipe\C:\Users\vishr\OneDrive\Desktop\Web disign\amazon-clone\functions\20860 {"metadata":{"emulator":{"name":"functions"},"message":"[worker-~diagnostic~-8b479bfb-5102-463b-a5a1-4f07f8f082d1]: Assigning socketPath: \\\\?\\pipe\\C:\\Users\\vishr\\OneDrive\\Desktop\\Web disign\\amazon-clone\\functions\\20860"}}
[debug] [2020-09-13T15:18:42.554Z] [worker-~diagnostic~-8b479bfb-5102-463b-a5a1-4f07f8f082d1]: BUSY {"metadata":{"emulator":{"name":"functions"},"message":"[worker-~diagnostic~-8b479bfb-5102-463b-a5a1-4f07f8f082d1]: BUSY"}}
[debug] [2020-09-13T15:18:49.704Z] [runtime-status] [20860] Functions runtime initialized. {"cwd":"C:\\Users\\vishr\\OneDrive\\Desktop\\Web disign\\amazon-clone\\functions","node_version":"12.18.3"} {"metadata":{"emulator":{"name":"functions"},"message":"[runtime-status] [20860] Functions runtime initialized. {\"cwd\":\"C:\\\\Users\\\\vishr\\\\OneDrive\\\\Desktop\\\\Web disign\\\\amazon-clone\\\\functions\",\"node_version\":\"12.18.3\"}"}}
[debug] [2020-09-13T15:18:49.705Z] [runtime-status] [20860] Disabled runtime features: undefined {"metadata":{"emulator":{"name":"functions"},"message":"[runtime-status] [20860] Disabled runtime features: undefined"}}
[debug] [2020-09-13T15:18:49.793Z] [runtime-status] [20860] Resolved module firebase-admin {"declared":true,"installed":true,"version":"8.13.0","resolution":"C:\\Users\\vishr\\OneDrive\\Desktop\\Web disign\\amazon-clone\\functions\\node_modules\\firebase-admin\\lib\\index.js"} {"metadata":{"emulator":{"name":"functions"},"message":"[runtime-status] [20860] Resolved module firebase-admin {\"declared\":true,\"installed\":true,\"version\":\"8.13.0\",\"resolution\":\"C:\\\\Users\\\\vishr\\\\OneDrive\\\\Desktop\\\\Web disign\\\\amazon-clone\\\\functions\\\\node_modules\\\\firebase-admin\\\\lib\\\\index.js\"}"}}
[debug] [2020-09-13T15:18:49.820Z] [runtime-status] [20860] Resolved module firebase-functions {"declared":true,"installed":true,"version":"3.11.0","resolution":"C:\\Users\\vishr\\OneDrive\\Desktop\\Web disign\\amazon-clone\\functions\\node_modules\\firebase-functions\\lib\\index.js"} {"metadata":{"emulator":{"name":"functions"},"message":"[runtime-status] [20860] Resolved module firebase-functions {\"declared\":true,\"installed\":true,\"version\":\"3.11.0\",\"resolution\":\"C:\\\\Users\\\\vishr\\\\OneDrive\\\\Desktop\\\\Web disign\\\\amazon-clone\\\\functions\\\\node_modules\\\\firebase-functions\\\\lib\\\\index.js\"}"}}
[debug] [2020-09-13T15:18:49.822Z] [runtime-status] [20860] Resolved module firebase-functions {"declared":true,"installed":true,"version":"3.11.0","resolution":"C:\\Users\\vishr\\OneDrive\\Desktop\\Web disign\\amazon-clone\\functions\\node_modules\\firebase-functions\\lib\\index.js"} {"metadata":{"emulator":{"name":"functions"},"message":"[runtime-status] [20860] Resolved module firebase-functions {\"declared\":true,\"installed\":true,\"version\":\"3.11.0\",\"resolution\":\"C:\\\\Users\\\\vishr\\\\OneDrive\\\\Desktop\\\\Web disign\\\\amazon-clone\\\\functions\\\\node_modules\\\\firebase-functions\\\\lib\\\\index.js\"}"}}
[debug] [2020-09-13T15:18:49.825Z] [runtime-status] [20860] Outgoing network have been stubbed. [{"name":"http","status":"mocked"},{"name":"http","status":"mocked"},{"name":"https","status":"mocked"},{"name":"https","status":"mocked"},{"name":"net","status":"mocked"}] {"metadata":{"emulator":{"name":"functions"},"message":"[runtime-status] [20860] Outgoing network have been stubbed. [{\"name\":\"http\",\"status\":\"mocked\"},{\"name\":\"http\",\"status\":\"mocked\"},{\"name\":\"https\",\"status\":\"mocked\"},{\"name\":\"https\",\"status\":\"mocked\"},{\"name\":\"net\",\"status\":\"mocked\"}]"}}
[debug] [2020-09-13T15:18:49.827Z] [runtime-status] [20860] Resolved module firebase-functions {"declared":true,"installed":true,"version":"3.11.0","resolution":"C:\\Users\\vishr\\OneDrive\\Desktop\\Web disign\\amazon-clone\\functions\\node_modules\\firebase-functions\\lib\\index.js"} {"metadata":{"emulator":{"name":"functions"},"message":"[runtime-status] [20860] Resolved module firebase-functions {\"declared\":true,\"installed\":true,\"version\":\"3.11.0\",\"resolution\":\"C:\\\\Users\\\\vishr\\\\OneDrive\\\\Desktop\\\\Web disign\\\\amazon-clone\\\\functions\\\\node_modules\\\\firebase-functions\\\\lib\\\\index.js\"}"}}
[debug] [2020-09-13T15:18:51.208Z] [runtime-status] [20860] Checked functions.config() {"config":{}} {"metadata":{"emulator":{"name":"functions"},"message":"[runtime-status] [20860] Checked functions.config() {\"config\":{}}"}}
[debug] [2020-09-13T15:18:51.209Z] [runtime-status] [20860] firebase-functions has been stubbed. {"functionsResolution":{"declared":true,"installed":true,"version":"3.11.0","resolution":"C:\\Users\\vishr\\OneDrive\\Desktop\\Web disign\\amazon-clone\\functions\\node_modules\\firebase-functions\\lib\\index.js"}} {"metadata":{"emulator":{"name":"functions"},"message":"[runtime-status] [20860] firebase-functions has been stubbed. {\"functionsResolution\":{\"declared\":true,\"installed\":true,\"version\":\"3.11.0\",\"resolution\":\"C:\\\\Users\\\\vishr\\\\OneDrive\\\\Desktop\\\\Web disign\\\\amazon-clone\\\\functions\\\\node_modules\\\\firebase-functions\\\\lib\\\\index.js\"}}"}}
[debug] [2020-09-13T15:18:51.210Z] [runtime-status] [20860] Resolved module firebase-functions {"declared":true,"installed":true,"version":"3.11.0","resolution":"C:\\Users\\vishr\\OneDrive\\Desktop\\Web disign\\amazon-clone\\functions\\node_modules\\firebase-functions\\lib\\index.js"} {"metadata":{"emulator":{"name":"functions"},"message":"[runtime-status] [20860] Resolved module firebase-functions {\"declared\":true,\"installed\":true,\"version\":\"3.11.0\",\"resolution\":\"C:\\\\Users\\\\vishr\\\\OneDrive\\\\Desktop\\\\Web disign\\\\amazon-clone\\\\functions\\\\node_modules\\\\firebase-functions\\\\lib\\\\index.js\"}"}}
[debug] [2020-09-13T15:18:51.213Z] [runtime-status] [20860] Resolved module firebase-admin {"declared":true,"installed":true,"version":"8.13.0","resolution":"C:\\Users\\vishr\\OneDrive\\Desktop\\Web disign\\amazon-clone\\functions\\node_modules\\firebase-admin\\lib\\index.js"} {"metadata":{"emulator":{"name":"functions"},"message":"[runtime-status] [20860] Resolved module firebase-admin {\"declared\":true,\"installed\":true,\"version\":\"8.13.0\",\"resolution\":\"C:\\\\Users\\\\vishr\\\\OneDrive\\\\Desktop\\\\Web disign\\\\amazon-clone\\\\functions\\\\node_modules\\\\firebase-admin\\\\lib\\\\index.js\"}"}}
[debug] [2020-09-13T15:18:51.214Z] [runtime-status] [20860] Resolved module firebase-functions {"declared":true,"installed":true,"version":"3.11.0","resolution":"C:\\Users\\vishr\\OneDrive\\Desktop\\Web disign\\amazon-clone\\functions\\node_modules\\firebase-functions\\lib\\index.js"} {"metadata":{"emulator":{"name":"functions"},"message":"[runtime-status] [20860] Resolved module firebase-functions {\"declared\":true,\"installed\":true,\"version\":\"3.11.0\",\"resolution\":\"C:\\\\Users\\\\vishr\\\\OneDrive\\\\Desktop\\\\Web disign\\\\amazon-clone\\\\functions\\\\node_modules\\\\firebase-functions\\\\lib\\\\index.js\"}"}}
[debug] [2020-09-13T15:18:51.215Z] [runtime-status] [20860] firebase-admin has been stubbed. {"adminResolution":{"declared":true,"installed":true,"version":"8.13.0","resolution":"C:\\Users\\vishr\\OneDrive\\Desktop\\Web disign\\amazon-clone\\functions\\node_modules\\firebase-admin\\lib\\index.js"}} {"metadata":{"emulator":{"name":"functions"},"message":"[runtime-status] [20860] firebase-admin has been stubbed. {\"adminResolution\":{\"declared\":true,\"installed\":true,\"version\":\"8.13.0\",\"resolution\":\"C:\\\\Users\\\\vishr\\\\OneDrive\\\\Desktop\\\\Web disign\\\\amazon-clone\\\\functions\\\\node_modules\\\\firebase-admin\\\\lib\\\\index.js\"}}"}}
[info] +  functions[api]: http function initialized (http://localhost:5001/clone-bfb39/us-central1/api). {"metadata":{"emulator":{"name":"functions"},"message":"\u001b[1mhttp\u001b[22m function initialized (http://localhost:5001/clone-bfb39/us-central1/api)."}}
[info] 
┌───────────────────────────────────────────────────────────────────────┐
│ ✔  All emulators ready! View status and logs at http://localhost:4000 │
└───────────────────────────────────────────────────────────────────────┘

┌───────────┬────────────────┬─────────────────────────────────┐
│ Emulator  │ Host:Port      │ View in Emulator UI             │
├───────────┼────────────────┼─────────────────────────────────┤
│ Functions │ localhost:5001 │ http://localhost:4000/functions │
└───────────┴────────────────┴─────────────────────────────────┘
  Other reserved ports: 4400, 4500

Issues? Report them at https://github.com/firebase/firebase-tools/issues and attach the *-debug.log files.
 
[debug] [2020-09-13T15:18:57.807Z] [worker-~diagnostic~-8b479bfb-5102-463b-a5a1-4f07f8f082d1]: IDLE {"metadata":{"emulator":{"name":"functions"},"message":"[worker-~diagnostic~-8b479bfb-5102-463b-a5a1-4f07f8f082d1]: IDLE"}}
[debug] [2020-09-13T15:19:54.283Z] [work-queue] {"queueLength":1,"workRunningCount":0}
[debug] [2020-09-13T15:19:54.283Z] [work-queue] {"queueLength":0,"workRunningCount":1}
[debug] [2020-09-13T15:19:54.284Z] Accepted request POST /clone-bfb39/us-central1/api/checkout/create?total=5673900 --> api
[debug] [2020-09-13T15:19:54.292Z] [worker-pool] addWorker(api) {"metadata":{"emulator":{"name":"functions"},"message":"[worker-pool] addWorker(api)"}}
[debug] [2020-09-13T15:19:54.292Z] [worker-pool] Adding worker with key api, total=1 {"metadata":{"emulator":{"name":"functions"},"message":"[worker-pool] Adding worker with key api, total=1"}}
[debug] [2020-09-13T15:19:54.293Z] [worker-pool] submitWork(triggerId=api) {"metadata":{"emulator":{"name":"functions"},"message":"[worker-pool] submitWork(triggerId=api)"}}
[debug] [2020-09-13T15:19:54.293Z] [worker-api-8932c5fb-4242-417d-8b58-fba925b29c63]: Assigning socketPath: \\?\pipe\C:\Users\vishr\OneDrive\Desktop\Web disign\amazon-clone\functions\20676 {"metadata":{"emulator":{"name":"functions"},"message":"[worker-api-8932c5fb-4242-417d-8b58-fba925b29c63]: Assigning socketPath: \\\\?\\pipe\\C:\\Users\\vishr\\OneDrive\\Desktop\\Web disign\\amazon-clone\\functions\\20676"}}
[debug] [2020-09-13T15:19:54.293Z] [worker-api-8932c5fb-4242-417d-8b58-fba925b29c63]: BUSY {"metadata":{"emulator":{"name":"functions"},"message":"[worker-api-8932c5fb-4242-417d-8b58-fba925b29c63]: BUSY"}}
[debug] [2020-09-13T15:19:57.442Z] [runtime-status] [20676] Functions runtime initialized. {"cwd":"C:\\Users\\vishr\\OneDrive\\Desktop\\Web disign\\amazon-clone\\functions","node_version":"12.18.3"} {"metadata":{"emulator":{"name":"functions"},"function":{"name":"api"},"message":"[runtime-status] [20676] Functions runtime initialized. {\"cwd\":\"C:\\\\Users\\\\vishr\\\\OneDrive\\\\Desktop\\\\Web disign\\\\amazon-clone\\\\functions\",\"node_version\":\"12.18.3\"}"}}
[debug] [2020-09-13T15:19:57.466Z] [runtime-status] [20676] Disabled runtime features: undefined {"metadata":{"emulator":{"name":"functions"},"function":{"name":"api"},"message":"[runtime-status] [20676] Disabled runtime features: undefined"}}
[debug] [2020-09-13T15:19:57.479Z] [runtime-status] [20676] Resolved module firebase-admin {"declared":true,"installed":true,"version":"8.13.0","resolution":"C:\\Users\\vishr\\OneDrive\\Desktop\\Web disign\\amazon-clone\\functions\\node_modules\\firebase-admin\\lib\\index.js"} {"metadata":{"emulator":{"name":"functions"},"function":{"name":"api"},"message":"[runtime-status] [20676] Resolved module firebase-admin {\"declared\":true,\"installed\":true,\"version\":\"8.13.0\",\"resolution\":\"C:\\\\Users\\\\vishr\\\\OneDrive\\\\Desktop\\\\Web disign\\\\amazon-clone\\\\functions\\\\node_modules\\\\firebase-admin\\\\lib\\\\index.js\"}"}}
[debug] [2020-09-13T15:19:57.485Z] [runtime-status] [20676] Resolved module firebase-functions {"declared":true,"installed":true,"version":"3.11.0","resolution":"C:\\Users\\vishr\\OneDrive\\Desktop\\Web disign\\amazon-clone\\functions\\node_modules\\firebase-functions\\lib\\index.js"} {"metadata":{"emulator":{"name":"functions"},"function":{"name":"api"},"message":"[runtime-status] [20676] Resolved module firebase-functions {\"declared\":true,\"installed\":true,\"version\":\"3.11.0\",\"resolution\":\"C:\\\\Users\\\\vishr\\\\OneDrive\\\\Desktop\\\\Web disign\\\\amazon-clone\\\\functions\\\\node_modules\\\\firebase-functions\\\\lib\\\\index.js\"}"}}
[debug] [2020-09-13T15:19:57.488Z] [runtime-status] [20676] Resolved module firebase-functions {"declared":true,"installed":true,"version":"3.11.0","resolution":"C:\\Users\\vishr\\OneDrive\\Desktop\\Web disign\\amazon-clone\\functions\\node_modules\\firebase-functions\\lib\\index.js"} {"metadata":{"emulator":{"name":"functions"},"function":{"name":"api"},"message":"[runtime-status] [20676] Resolved module firebase-functions {\"declared\":true,\"installed\":true,\"version\":\"3.11.0\",\"resolution\":\"C:\\\\Users\\\\vishr\\\\OneDrive\\\\Desktop\\\\Web disign\\\\amazon-clone\\\\functions\\\\node_modules\\\\firebase-functions\\\\lib\\\\index.js\"}"}}
[debug] [2020-09-13T15:19:57.492Z] [runtime-status] [20676] Outgoing network have been stubbed. [{"name":"http","status":"mocked"},{"name":"http","status":"mocked"},{"name":"https","status":"mocked"},{"name":"https","status":"mocked"},{"name":"net","status":"mocked"}] {"metadata":{"emulator":{"name":"functions"},"function":{"name":"api"},"message":"[runtime-status] [20676] Outgoing network have been stubbed. [{\"name\":\"http\",\"status\":\"mocked\"},{\"name\":\"http\",\"status\":\"mocked\"},{\"name\":\"https\",\"status\":\"mocked\"},{\"name\":\"https\",\"status\":\"mocked\"},{\"name\":\"net\",\"status\":\"mocked\"}]"}}
[debug] [2020-09-13T15:19:57.493Z] [runtime-status] [20676] Resolved module firebase-functions {"declared":true,"installed":true,"version":"3.11.0","resolution":"C:\\Users\\vishr\\OneDrive\\Desktop\\Web disign\\amazon-clone\\functions\\node_modules\\firebase-functions\\lib\\index.js"} {"metadata":{"emulator":{"name":"functions"},"function":{"name":"api"},"message":"[runtime-status] [20676] Resolved module firebase-functions {\"declared\":true,\"installed\":true,\"version\":\"3.11.0\",\"resolution\":\"C:\\\\Users\\\\vishr\\\\OneDrive\\\\Desktop\\\\Web disign\\\\amazon-clone\\\\functions\\\\node_modules\\\\firebase-functions\\\\lib\\\\index.js\"}"}}
[debug] [2020-09-13T15:19:57.742Z] [runtime-status] [20676] Checked functions.config() {"config":{}} {"metadata":{"emulator":{"name":"functions"},"function":{"name":"api"},"message":"[runtime-status] [20676] Checked functions.config() {\"config\":{}}"}}
[debug] [2020-09-13T15:19:57.742Z] [runtime-status] [20676] firebase-functions has been stubbed. {"functionsResolution":{"declared":true,"installed":true,"version":"3.11.0","resolution":"C:\\Users\\vishr\\OneDrive\\Desktop\\Web disign\\amazon-clone\\functions\\node_modules\\firebase-functions\\lib\\index.js"}} {"metadata":{"emulator":{"name":"functions"},"function":{"name":"api"},"message":"[runtime-status] [20676] firebase-functions has been stubbed. {\"functionsResolution\":{\"declared\":true,\"installed\":true,\"version\":\"3.11.0\",\"resolution\":\"C:\\\\Users\\\\vishr\\\\OneDrive\\\\Desktop\\\\Web disign\\\\amazon-clone\\\\functions\\\\node_modules\\\\firebase-functions\\\\lib\\\\index.js\"}}"}}
[debug] [2020-09-13T15:19:57.748Z] [runtime-status] [20676] Resolved module firebase-functions {"declared":true,"installed":true,"version":"3.11.0","resolution":"C:\\Users\\vishr\\OneDrive\\Desktop\\Web disign\\amazon-clone\\functions\\node_modules\\firebase-functions\\lib\\index.js"} {"metadata":{"emulator":{"name":"functions"},"function":{"name":"api"},"message":"[runtime-status] [20676] Resolved module firebase-functions {\"declared\":true,\"installed\":true,\"version\":\"3.11.0\",\"resolution\":\"C:\\\\Users\\\\vishr\\\\OneDrive\\\\Desktop\\\\Web disign\\\\amazon-clone\\\\functions\\\\node_modules\\\\firebase-functions\\\\lib\\\\index.js\"}"}}
[debug] [2020-09-13T15:19:57.751Z] [runtime-status] [20676] Resolved module firebase-admin {"declared":true,"installed":true,"version":"8.13.0","resolution":"C:\\Users\\vishr\\OneDrive\\Desktop\\Web disign\\amazon-clone\\functions\\node_modules\\firebase-admin\\lib\\index.js"} {"metadata":{"emulator":{"name":"functions"},"function":{"name":"api"},"message":"[runtime-status] [20676] Resolved module firebase-admin {\"declared\":true,\"installed\":true,\"version\":\"8.13.0\",\"resolution\":\"C:\\\\Users\\\\vishr\\\\OneDrive\\\\Desktop\\\\Web disign\\\\amazon-clone\\\\functions\\\\node_modules\\\\firebase-admin\\\\lib\\\\index.js\"}"}}
[debug] [2020-09-13T15:19:57.752Z] [runtime-status] [20676] Resolved module firebase-functions {"declared":true,"installed":true,"version":"3.11.0","resolution":"C:\\Users\\vishr\\OneDrive\\Desktop\\Web disign\\amazon-clone\\functions\\node_modules\\firebase-functions\\lib\\index.js"} {"metadata":{"emulator":{"name":"functions"},"function":{"name":"api"},"message":"[runtime-status] [20676] Resolved module firebase-functions {\"declared\":true,\"installed\":true,\"version\":\"3.11.0\",\"resolution\":\"C:\\\\Users\\\\vishr\\\\OneDrive\\\\Desktop\\\\Web disign\\\\amazon-clone\\\\functions\\\\node_modules\\\\firebase-functions\\\\lib\\\\index.js\"}"}}
[debug] [2020-09-13T15:19:57.753Z] [runtime-status] [20676] firebase-admin has been stubbed. {"adminResolution":{"declared":true,"installed":true,"version":"8.13.0","resolution":"C:\\Users\\vishr\\OneDrive\\Desktop\\Web disign\\amazon-clone\\functions\\node_modules\\firebase-admin\\lib\\index.js"}} {"metadata":{"emulator":{"name":"functions"},"function":{"name":"api"},"message":"[runtime-status] [20676] firebase-admin has been stubbed. {\"adminResolution\":{\"declared\":true,\"installed\":true,\"version\":\"8.13.0\",\"resolution\":\"C:\\\\Users\\\\vishr\\\\OneDrive\\\\Desktop\\\\Web disign\\\\amazon-clone\\\\functions\\\\node_modules\\\\firebase-admin\\\\lib\\\\index.js\"}}"}}
[debug] [2020-09-13T15:19:58.669Z] [runtime-status] [20676] Trigger "api" has been found, beginning invocation! {"metadata":{"emulator":{"name":"functions"},"function":{"name":"api"},"message":"[runtime-status] [20676] Trigger \"api\" has been found, beginning invocation!"}}
[info] i  functions: Beginning execution of "api" {"metadata":{"emulator":{"name":"functions"},"function":{"name":"api"},"message":"Beginning execution of \"api\""}}
[debug] [2020-09-13T15:19:58.684Z] [runtime-status] [20676] triggerDefinition {"httpsTrigger":{},"name":"api","entryPoint":"api"} {"metadata":{"emulator":{"name":"functions"},"function":{"name":"api"},"message":"[runtime-status] [20676] triggerDefinition {\"httpsTrigger\":{},\"name\":\"api\",\"entryPoint\":\"api\"}"}}
[debug] [2020-09-13T15:19:58.685Z] [runtime-status] [20676] Running api in mode HTTPS {"metadata":{"emulator":{"name":"functions"},"function":{"name":"api"},"message":"[runtime-status] [20676] Running api in mode HTTPS"}}
[debug] [2020-09-13T15:19:58.685Z] [runtime-status] [20676] Attempting to listen to socketPath: \\?\pipe\C:\Users\vishr\OneDrive\Desktop\Web disign\amazon-clone\functions\20676 {"metadata":{"emulator":{"name":"functions"},"function":{"name":"api"},"message":"[runtime-status] [20676] Attempting to listen to socketPath: \\\\?\\pipe\\C:\\Users\\vishr\\OneDrive\\Desktop\\Web disign\\amazon-clone\\functions\\20676"}}
[debug] [2020-09-13T15:19:58.687Z] [functions] Runtime ready! Sending request! {"metadata":{"emulator":{"name":"functions"},"message":"[functions] Runtime ready! Sending request!"}}
[debug] [2020-09-13T15:19:58.724Z] [runtime-status] [20676] Ephemeral server handling POST request {"metadata":{"emulator":{"name":"functions"},"function":{"name":"api"},"message":"[runtime-status] [20676] Ephemeral server handling POST request"}}
[info] >  Payment Request Recieved BOOM!!! for this amount >>>  5673900 {"user":"Payment Request Recieved BOOM!!! for this amount >>>  5673900","metadata":{"emulator":{"name":"functions"},"function":{"name":"api"},"message":"\u001b[90m> \u001b[39m Payment Request Recieved BOOM!!! for this amount >>>  5673900"}}
[debug] [2020-09-13T15:19:58.926Z] [runtime-status] [20676] Ephemeral server survived. {"metadata":{"emulator":{"name":"functions"},"function":{"name":"api"},"message":"[runtime-status] [20676] Ephemeral server survived."}}
[info] i  functions: Finished "api" in ~2s {"metadata":{"emulator":{"name":"functions"},"function":{"name":"api"},"message":"Finished \"api\" in ~2s"}}
[debug] [2020-09-13T15:20:01.376Z] [worker-api-8932c5fb-4242-417d-8b58-fba925b29c63]: IDLE {"metadata":{"emulator":{"name":"functions"},"message":"[worker-api-8932c5fb-4242-417d-8b58-fba925b29c63]: IDLE"}}
[debug] [2020-09-13T15:20:01.377Z] [work-queue] {"queueLength":0,"workRunningCount":0}
[debug] [2020-09-13T15:20:24.480Z] [work-queue] {"queueLength":1,"workRunningCount":0}
[debug] [2020-09-13T15:20:24.480Z] [work-queue] {"queueLength":0,"workRunningCount":1}
[debug] [2020-09-13T15:20:24.480Z] Accepted request POST /clone-bfb39/us-central1/api/checkout/create?total=0 --> api
[debug] [2020-09-13T15:20:24.481Z] [worker-pool] submitWork(triggerId=api) {"metadata":{"emulator":{"name":"functions"},"message":"[worker-pool] submitWork(triggerId=api)"}}
[debug] [2020-09-13T15:20:24.481Z] [worker-api-8932c5fb-4242-417d-8b58-fba925b29c63]: Assigning socketPath: \\?\pipe\C:\Users\vishr\OneDrive\Desktop\Web disign\amazon-clone\functions\20676 {"metadata":{"emulator":{"name":"functions"},"message":"[worker-api-8932c5fb-4242-417d-8b58-fba925b29c63]: Assigning socketPath: \\\\?\\pipe\\C:\\Users\\vishr\\OneDrive\\Desktop\\Web disign\\amazon-clone\\functions\\20676"}}
[debug] [2020-09-13T15:20:24.481Z] [worker-api-8932c5fb-4242-417d-8b58-fba925b29c63]: BUSY {"metadata":{"emulator":{"name":"functions"},"message":"[worker-api-8932c5fb-4242-417d-8b58-fba925b29c63]: BUSY"}}
[debug] [2020-09-13T15:20:24.483Z] [runtime-status] [20676] Trigger "api" has been found, beginning invocation! {"metadata":{"emulator":{"name":"functions"},"function":{"name":"api"},"message":"[runtime-status] [20676] Trigger \"api\" has been found, beginning invocation!"}}
[info] i  functions: Beginning execution of "api" {"metadata":{"emulator":{"name":"functions"},"function":{"name":"api"},"message":"Beginning execution of \"api\""}}
[debug] [2020-09-13T15:20:24.485Z] [runtime-status] [20676] triggerDefinition {"httpsTrigger":{},"name":"api","entryPoint":"api"} {"metadata":{"emulator":{"name":"functions"},"function":{"name":"api"},"message":"[runtime-status] [20676] triggerDefinition {\"httpsTrigger\":{},\"name\":\"api\",\"entryPoint\":\"api\"}"}}
[debug] [2020-09-13T15:20:24.486Z] [runtime-status] [20676] Running api in mode HTTPS {"metadata":{"emulator":{"name":"functions"},"function":{"name":"api"},"message":"[runtime-status] [20676] Running api in mode HTTPS"}}
[debug] [2020-09-13T15:20:24.486Z] [runtime-status] [20676] Attempting to listen to socketPath: \\?\pipe\C:\Users\vishr\OneDrive\Desktop\Web disign\amazon-clone\functions\20676 {"metadata":{"emulator":{"name":"functions"},"function":{"name":"api"},"message":"[runtime-status] [20676] Attempting to listen to socketPath: \\\\?\\pipe\\C:\\Users\\vishr\\OneDrive\\Desktop\\Web disign\\amazon-clone\\functions\\20676"}}
[debug] [2020-09-13T15:20:24.488Z] [functions] Runtime ready! Sending request! {"metadata":{"emulator":{"name":"functions"},"message":"[functions] Runtime ready! Sending request!"}}
[debug] [2020-09-13T15:20:24.495Z] [runtime-status] [20676] Ephemeral server handling POST request {"metadata":{"emulator":{"name":"functions"},"function":{"name":"api"},"message":"[runtime-status] [20676] Ephemeral server handling POST request"}}
[info] >  Payment Request Recieved BOOM!!! for this amount >>>  0 {"user":"Payment Request Recieved BOOM!!! for this amount >>>  0","metadata":{"emulator":{"name":"functions"},"function":{"name":"api"},"message":"\u001b[90m> \u001b[39m Payment Request Recieved BOOM!!! for this amount >>>  0"}}
[debug] [2020-09-13T15:20:24.519Z] [runtime-status] [20676] Ephemeral server survived. {"metadata":{"emulator":{"name":"functions"},"function":{"name":"api"},"message":"[runtime-status] [20676] Ephemeral server survived."}}
[info] >  (node:20676) UnhandledPromiseRejectionWarning: Error: This value must be greater than or equal to 1. {"user":"(node:20676) UnhandledPromiseRejectionWarning: Error: This value must be greater than or equal to 1.","metadata":{"emulator":{"name":"functions"},"function":{"name":"api"},"message":"\u001b[90m> \u001b[39m (node:20676) UnhandledPromiseRejectionWarning: Error: This value must be greater than or equal to 1."}}
[info] >      at Function.generate (C:\Users\vishr\OneDrive\Desktop\Web disign\amazon-clone\functions\node_modules\stripe\lib\Error.js:39:16) {"user":"    at Function.generate (C:\\Users\\vishr\\OneDrive\\Desktop\\Web disign\\amazon-clone\\functions\\node_modules\\stripe\\lib\\Error.js:39:16)","metadata":{"emulator":{"name":"functions"},"function":{"name":"api"},"message":"\u001b[90m> \u001b[39m     at Function.generate (C:\\Users\\vishr\\OneDrive\\Desktop\\Web disign\\amazon-clone\\functions\\node_modules\\stripe\\lib\\Error.js:39:16)"}}
[info] >      at IncomingMessage.<anonymous> (C:\Users\vishr\OneDrive\Desktop\Web disign\amazon-clone\functions\node_modules\stripe\lib\StripeResource.js:190:33) {"user":"    at IncomingMessage.<anonymous> (C:\\Users\\vishr\\OneDrive\\Desktop\\Web disign\\amazon-clone\\functions\\node_modules\\stripe\\lib\\StripeResource.js:190:33)","metadata":{"emulator":{"name":"functions"},"function":{"name":"api"},"message":"\u001b[90m> \u001b[39m     at IncomingMessage.<anonymous> (C:\\Users\\vishr\\OneDrive\\Desktop\\Web disign\\amazon-clone\\functions\\node_modules\\stripe\\lib\\StripeResource.js:190:33)"}}
[info] >      at Object.onceWrapper (events.js:421:28) {"user":"    at Object.onceWrapper (events.js:421:28)","metadata":{"emulator":{"name":"functions"},"function":{"name":"api"},"message":"\u001b[90m> \u001b[39m     at Object.onceWrapper (events.js:421:28)"}}
[info] >      at IncomingMessage.emit (events.js:327:22) {"user":"    at IncomingMessage.emit (events.js:327:22)","metadata":{"emulator":{"name":"functions"},"function":{"name":"api"},"message":"\u001b[90m> \u001b[39m     at IncomingMessage.emit (events.js:327:22)"}}
[info] >      at endReadableNT (_stream_readable.js:1220:12) {"user":"    at endReadableNT (_stream_readable.js:1220:12)","metadata":{"emulator":{"name":"functions"},"function":{"name":"api"},"message":"\u001b[90m> \u001b[39m     at endReadableNT (_stream_readable.js:1220:12)"}}
[info] >      at processTicksAndRejections (internal/process/task_queues.js:84:21) {"user":"    at processTicksAndRejections (internal/process/task_queues.js:84:21)","metadata":{"emulator":{"name":"functions"},"function":{"name":"api"},"message":"\u001b[90m> \u001b[39m     at processTicksAndRejections (internal/process/task_queues.js:84:21)"}}
[info] >  (node:20676) UnhandledPromiseRejectionWarning: Unhandled promise rejection. This error originated either by throwing inside of an async function without a catch block, or by rejecting a promise which was not handled with .catch(). To terminate the node process on unhandled promise rejection, use the CLI flag `--unhandled-rejections=strict` (see https://nodejs.org/api/cli.html#cli_unhandled_rejections_mode). (rejection id: 1) {"user":"(node:20676) UnhandledPromiseRejectionWarning: Unhandled promise rejection. This error originated either by throwing inside of an async function without a catch block, or by rejecting a promise which was not handled with .catch(). To terminate the node process on unhandled promise rejection, use the CLI flag `--unhandled-rejections=strict` (see https://nodejs.org/api/cli.html#cli_unhandled_rejections_mode). (rejection id: 1)","metadata":{"emulator":{"name":"functions"},"function":{"name":"api"},"message":"\u001b[90m> \u001b[39m (node:20676) UnhandledPromiseRejectionWarning: Unhandled promise rejection. This error originated either by throwing inside of an async function without a catch block, or by rejecting a promise which was not handled with .catch(). To terminate the node process on unhandled promise rejection, use the CLI flag `--unhandled-rejections=strict` (see https://nodejs.org/api/cli.html#cli_unhandled_rejections_mode). (rejection id: 1)"}}
[info] >  (node:20676) [DEP0018] DeprecationWarning: Unhandled promise rejections are deprecated. In the future, promise rejections that are not handled will terminate the Node.js process with a non-zero exit code. {"user":"(node:20676) [DEP0018] DeprecationWarning: Unhandled promise rejections are deprecated. In the future, promise rejections that are not handled will terminate the Node.js process with a non-zero exit code.","metadata":{"emulator":{"name":"functions"},"function":{"name":"api"},"message":"\u001b[90m> \u001b[39m (node:20676) [DEP0018] DeprecationWarning: Unhandled promise rejections are deprecated. In the future, promise rejections that are not handled will terminate the Node.js process with a non-zero exit code."}}
[warn] !  functions: Your function timed out after ~60s. To configure this timeout, see
      https://firebase.google.com/docs/functions/manage-functions#set_timeout_and_memory_allocation. {"metadata":{"emulator":{"name":"functions"},"function":{"name":"api"},"message":"Your function timed out after ~60s. To configure this timeout, see\n      https://firebase.google.com/docs/functions/manage-functions#set_timeout_and_memory_allocation."}}
[info] >  C:\Users\vishr\AppData\Roaming\npm\node_modules\firebase-tools\lib\emulator\functionsEmulatorRuntime.js:642 {"user":"C:\\Users\\vishr\\AppData\\Roaming\\npm\\node_modules\\firebase-tools\\lib\\emulator\\functionsEmulatorRuntime.js:642\r","metadata":{"emulator":{"name":"functions"},"function":{"name":"api"},"message":"\u001b[90m> \u001b[39m C:\\Users\\vishr\\AppData\\Roaming\\npm\\node_modules\\firebase-tools\\lib\\emulator\\functionsEmulatorRuntime.js:642\r"}}
[info] >                  throw new Error("Function timed out."); {"user":"                throw new Error(\"Function timed out.\");\r","metadata":{"emulator":{"name":"functions"},"function":{"name":"api"},"message":"\u001b[90m> \u001b[39m                 throw new Error(\"Function timed out.\");\r"}}
[info] >                  ^ {"user":"                ^\r","metadata":{"emulator":{"name":"functions"},"function":{"name":"api"},"message":"\u001b[90m> \u001b[39m                 ^\r"}}
[info] >   {"user":"\r","metadata":{"emulator":{"name":"functions"},"function":{"name":"api"},"message":"\u001b[90m> \u001b[39m \r"}}
[info] >  Error: Function timed out. {"user":"Error: Function timed out.\r","metadata":{"emulator":{"name":"functions"},"function":{"name":"api"},"message":"\u001b[90m> \u001b[39m Error: Function timed out.\r"}}
[info] >      at Timeout._onTimeout (C:\Users\vishr\AppData\Roaming\npm\node_modules\firebase-tools\lib\emulator\functionsEmulatorRuntime.js:642:23) {"user":"    at Timeout._onTimeout (C:\\Users\\vishr\\AppData\\Roaming\\npm\\node_modules\\firebase-tools\\lib\\emulator\\functionsEmulatorRuntime.js:642:23)\r","metadata":{"emulator":{"name":"functions"},"function":{"name":"api"},"message":"\u001b[90m> \u001b[39m     at Timeout._onTimeout (C:\\Users\\vishr\\AppData\\Roaming\\npm\\node_modules\\firebase-tools\\lib\\emulator\\functionsEmulatorRuntime.js:642:23)\r"}}
[info] >      at listOnTimeout (internal/timers.js:549:17) {"user":"    at listOnTimeout (internal/timers.js:549:17)\r","metadata":{"emulator":{"name":"functions"},"function":{"name":"api"},"message":"\u001b[90m> \u001b[39m     at listOnTimeout (internal/timers.js:549:17)\r"}}
[info] >      at processTimers (internal/timers.js:492:7) {"user":"    at processTimers (internal/timers.js:492:7)\r","metadata":{"emulator":{"name":"functions"},"function":{"name":"api"},"message":"\u001b[90m> \u001b[39m     at processTimers (internal/timers.js:492:7)\r"}}
[debug] [2020-09-13T15:21:24.788Z] [worker-api-8932c5fb-4242-417d-8b58-fba925b29c63]: exited {"metadata":{"emulator":{"name":"functions"},"message":"[worker-api-8932c5fb-4242-417d-8b58-fba925b29c63]: exited"}}
[debug] [2020-09-13T15:21:24.789Z] [worker-api-8932c5fb-4242-417d-8b58-fba925b29c63]: FINISHED {"metadata":{"emulator":{"name":"functions"},"message":"[worker-api-8932c5fb-4242-417d-8b58-fba925b29c63]: FINISHED"}}
[debug] [2020-09-13T15:21:24.789Z] [work-queue] {"queueLength":0,"workRunningCount":0}
[debug] [2020-09-13T15:23:51.987Z] [work-queue] {"queueLength":1,"workRunningCount":0}
[debug] [2020-09-13T15:23:51.987Z] [work-queue] {"queueLength":0,"workRunningCount":1}
[debug] [2020-09-13T15:23:51.987Z] Accepted request POST /clone-bfb39/us-central1/api/checkout/create?total=4729000 --> api
[debug] [2020-09-13T15:23:51.988Z] [worker-pool] Cleaned up workers for api: 1 --> 0 {"metadata":{"emulator":{"name":"functions"},"message":"[worker-pool] Cleaned up workers for api: 1 --> 0"}}
[debug] [2020-09-13T15:23:51.994Z] [worker-pool] addWorker(api) {"metadata":{"emulator":{"name":"functions"},"message":"[worker-pool] addWorker(api)"}}
[debug] [2020-09-13T15:23:51.994Z] [worker-pool] Adding worker with key api, total=1 {"metadata":{"emulator":{"name":"functions"},"message":"[worker-pool] Adding worker with key api, total=1"}}
[debug] [2020-09-13T15:23:51.994Z] [worker-pool] submitWork(triggerId=api) {"metadata":{"emulator":{"name":"functions"},"message":"[worker-pool] submitWork(triggerId=api)"}}
[debug] [2020-09-13T15:23:51.994Z] [worker-api-3865edf0-242b-4682-8db8-a1809106019e]: Assigning socketPath: \\?\pipe\C:\Users\vishr\OneDrive\Desktop\Web disign\amazon-clone\functions\10904 {"metadata":{"emulator":{"name":"functions"},"message":"[worker-api-3865edf0-242b-4682-8db8-a1809106019e]: Assigning socketPath: \\\\?\\pipe\\C:\\Users\\vishr\\OneDrive\\Desktop\\Web disign\\amazon-clone\\functions\\10904"}}
[debug] [2020-09-13T15:23:51.994Z] [worker-api-3865edf0-242b-4682-8db8-a1809106019e]: BUSY {"metadata":{"emulator":{"name":"functions"},"message":"[worker-api-3865edf0-242b-4682-8db8-a1809106019e]: BUSY"}}
[debug] [2020-09-13T15:23:54.487Z] [runtime-status] [10904] Functions runtime initialized. {"cwd":"C:\\Users\\vishr\\OneDrive\\Desktop\\Web disign\\amazon-clone\\functions","node_version":"12.18.3"} {"metadata":{"emulator":{"name":"functions"},"function":{"name":"api"},"message":"[runtime-status] [10904] Functions runtime initialized. {\"cwd\":\"C:\\\\Users\\\\vishr\\\\OneDrive\\\\Desktop\\\\Web disign\\\\amazon-clone\\\\functions\",\"node_version\":\"12.18.3\"}"}}
[debug] [2020-09-13T15:23:54.506Z] [runtime-status] [10904] Disabled runtime features: undefined {"metadata":{"emulator":{"name":"functions"},"function":{"name":"api"},"message":"[runtime-status] [10904] Disabled runtime features: undefined"}}
[debug] [2020-09-13T15:23:54.581Z] [runtime-status] [10904] Resolved module firebase-admin {"declared":true,"installed":true,"version":"8.13.0","resolution":"C:\\Users\\vishr\\OneDrive\\Desktop\\Web disign\\amazon-clone\\functions\\node_modules\\firebase-admin\\lib\\index.js"} {"metadata":{"emulator":{"name":"functions"},"function":{"name":"api"},"message":"[runtime-status] [10904] Resolved module firebase-admin {\"declared\":true,\"installed\":true,\"version\":\"8.13.0\",\"resolution\":\"C:\\\\Users\\\\vishr\\\\OneDrive\\\\Desktop\\\\Web disign\\\\amazon-clone\\\\functions\\\\node_modules\\\\firebase-admin\\\\lib\\\\index.js\"}"}}
[debug] [2020-09-13T15:23:54.585Z] [runtime-status] [10904] Resolved module firebase-functions {"declared":true,"installed":true,"version":"3.11.0","resolution":"C:\\Users\\vishr\\OneDrive\\Desktop\\Web disign\\amazon-clone\\functions\\node_modules\\firebase-functions\\lib\\index.js"} {"metadata":{"emulator":{"name":"functions"},"function":{"name":"api"},"message":"[runtime-status] [10904] Resolved module firebase-functions {\"declared\":true,\"installed\":true,\"version\":\"3.11.0\",\"resolution\":\"C:\\\\Users\\\\vishr\\\\OneDrive\\\\Desktop\\\\Web disign\\\\amazon-clone\\\\functions\\\\node_modules\\\\firebase-functions\\\\lib\\\\index.js\"}"}}
[debug] [2020-09-13T15:23:54.587Z] [runtime-status] [10904] Resolved module firebase-functions {"declared":true,"installed":true,"version":"3.11.0","resolution":"C:\\Users\\vishr\\OneDrive\\Desktop\\Web disign\\amazon-clone\\functions\\node_modules\\firebase-functions\\lib\\index.js"} {"metadata":{"emulator":{"name":"functions"},"function":{"name":"api"},"message":"[runtime-status] [10904] Resolved module firebase-functions {\"declared\":true,\"installed\":true,\"version\":\"3.11.0\",\"resolution\":\"C:\\\\Users\\\\vishr\\\\OneDrive\\\\Desktop\\\\Web disign\\\\amazon-clone\\\\functions\\\\node_modules\\\\firebase-functions\\\\lib\\\\index.js\"}"}}
[debug] [2020-09-13T15:23:54.591Z] [runtime-status] [10904] Outgoing network have been stubbed. [{"name":"http","status":"mocked"},{"name":"http","status":"mocked"},{"name":"https","status":"mocked"},{"name":"https","status":"mocked"},{"name":"net","status":"mocked"}] {"metadata":{"emulator":{"name":"functions"},"function":{"name":"api"},"message":"[runtime-status] [10904] Outgoing network have been stubbed. [{\"name\":\"http\",\"status\":\"mocked\"},{\"name\":\"http\",\"status\":\"mocked\"},{\"name\":\"https\",\"status\":\"mocked\"},{\"name\":\"https\",\"status\":\"mocked\"},{\"name\":\"net\",\"status\":\"mocked\"}]"}}
[debug] [2020-09-13T15:23:54.592Z] [runtime-status] [10904] Resolved module firebase-functions {"declared":true,"installed":true,"version":"3.11.0","resolution":"C:\\Users\\vishr\\OneDrive\\Desktop\\Web disign\\amazon-clone\\functions\\node_modules\\firebase-functions\\lib\\index.js"} {"metadata":{"emulator":{"name":"functions"},"function":{"name":"api"},"message":"[runtime-status] [10904] Resolved module firebase-functions {\"declared\":true,\"installed\":true,\"version\":\"3.11.0\",\"resolution\":\"C:\\\\Users\\\\vishr\\\\OneDrive\\\\Desktop\\\\Web disign\\\\amazon-clone\\\\functions\\\\node_modules\\\\firebase-functions\\\\lib\\\\index.js\"}"}}
[debug] [2020-09-13T15:23:54.732Z] [runtime-status] [10904] Checked functions.config() {"config":{}} {"metadata":{"emulator":{"name":"functions"},"function":{"name":"api"},"message":"[runtime-status] [10904] Checked functions.config() {\"config\":{}}"}}
[debug] [2020-09-13T15:23:54.734Z] [runtime-status] [10904] firebase-functions has been stubbed. {"functionsResolution":{"declared":true,"installed":true,"version":"3.11.0","resolution":"C:\\Users\\vishr\\OneDrive\\Desktop\\Web disign\\amazon-clone\\functions\\node_modules\\firebase-functions\\lib\\index.js"}} {"metadata":{"emulator":{"name":"functions"},"function":{"name":"api"},"message":"[runtime-status] [10904] firebase-functions has been stubbed. {\"functionsResolution\":{\"declared\":true,\"installed\":true,\"version\":\"3.11.0\",\"resolution\":\"C:\\\\Users\\\\vishr\\\\OneDrive\\\\Desktop\\\\Web disign\\\\amazon-clone\\\\functions\\\\node_modules\\\\firebase-functions\\\\lib\\\\index.js\"}}"}}
[debug] [2020-09-13T15:23:54.734Z] [runtime-status] [10904] Resolved module firebase-functions {"declared":true,"installed":true,"version":"3.11.0","resolution":"C:\\Users\\vishr\\OneDrive\\Desktop\\Web disign\\amazon-clone\\functions\\node_modules\\firebase-functions\\lib\\index.js"} {"metadata":{"emulator":{"name":"functions"},"function":{"name":"api"},"message":"[runtime-status] [10904] Resolved module firebase-functions {\"declared\":true,\"installed\":true,\"version\":\"3.11.0\",\"resolution\":\"C:\\\\Users\\\\vishr\\\\OneDrive\\\\Desktop\\\\Web disign\\\\amazon-clone\\\\functions\\\\node_modules\\\\firebase-functions\\\\lib\\\\index.js\"}"}}
[debug] [2020-09-13T15:23:54.739Z] [runtime-status] [10904] Resolved module firebase-admin {"declared":true,"installed":true,"version":"8.13.0","resolution":"C:\\Users\\vishr\\OneDrive\\Desktop\\Web disign\\amazon-clone\\functions\\node_modules\\firebase-admin\\lib\\index.js"} {"metadata":{"emulator":{"name":"functions"},"function":{"name":"api"},"message":"[runtime-status] [10904] Resolved module firebase-admin {\"declared\":true,\"installed\":true,\"version\":\"8.13.0\",\"resolution\":\"C:\\\\Users\\\\vishr\\\\OneDrive\\\\Desktop\\\\Web disign\\\\amazon-clone\\\\functions\\\\node_modules\\\\firebase-admin\\\\lib\\\\index.js\"}"}}
[debug] [2020-09-13T15:23:54.741Z] [runtime-status] [10904] Resolved module firebase-functions {"declared":true,"installed":true,"version":"3.11.0","resolution":"C:\\Users\\vishr\\OneDrive\\Desktop\\Web disign\\amazon-clone\\functions\\node_modules\\firebase-functions\\lib\\index.js"} {"metadata":{"emulator":{"name":"functions"},"function":{"name":"api"},"message":"[runtime-status] [10904] Resolved module firebase-functions {\"declared\":true,\"installed\":true,\"version\":\"3.11.0\",\"resolution\":\"C:\\\\Users\\\\vishr\\\\OneDrive\\\\Desktop\\\\Web disign\\\\amazon-clone\\\\functions\\\\node_modules\\\\firebase-functions\\\\lib\\\\index.js\"}"}}
[debug] [2020-09-13T15:23:54.742Z] [runtime-status] [10904] firebase-admin has been stubbed. {"adminResolution":{"declared":true,"installed":true,"version":"8.13.0","resolution":"C:\\Users\\vishr\\OneDrive\\Desktop\\Web disign\\amazon-clone\\functions\\node_modules\\firebase-admin\\lib\\index.js"}} {"metadata":{"emulator":{"name":"functions"},"function":{"name":"api"},"message":"[runtime-status] [10904] firebase-admin has been stubbed. {\"adminResolution\":{\"declared\":true,\"installed\":true,\"version\":\"8.13.0\",\"resolution\":\"C:\\\\Users\\\\vishr\\\\OneDrive\\\\Desktop\\\\Web disign\\\\amazon-clone\\\\functions\\\\node_modules\\\\firebase-admin\\\\lib\\\\index.js\"}}"}}
[debug] [2020-09-13T15:23:55.412Z] [runtime-status] [10904] Trigger "api" has been found, beginning invocation! {"metadata":{"emulator":{"name":"functions"},"function":{"name":"api"},"message":"[runtime-status] [10904] Trigger \"api\" has been found, beginning invocation!"}}
[info] i  functions: Beginning execution of "api" {"metadata":{"emulator":{"name":"functions"},"function":{"name":"api"},"message":"Beginning execution of \"api\""}}
[debug] [2020-09-13T15:23:55.423Z] [runtime-status] [10904] triggerDefinition {"httpsTrigger":{},"name":"api","entryPoint":"api"} {"metadata":{"emulator":{"name":"functions"},"function":{"name":"api"},"message":"[runtime-status] [10904] triggerDefinition {\"httpsTrigger\":{},\"name\":\"api\",\"entryPoint\":\"api\"}"}}
[debug] [2020-09-13T15:23:55.423Z] [runtime-status] [10904] Running api in mode HTTPS {"metadata":{"emulator":{"name":"functions"},"function":{"name":"api"},"message":"[runtime-status] [10904] Running api in mode HTTPS"}}
[debug] [2020-09-13T15:23:55.430Z] [runtime-status] [10904] Attempting to listen to socketPath: \\?\pipe\C:\Users\vishr\OneDrive\Desktop\Web disign\amazon-clone\functions\10904 {"metadata":{"emulator":{"name":"functions"},"function":{"name":"api"},"message":"[runtime-status] [10904] Attempting to listen to socketPath: \\\\?\\pipe\\C:\\Users\\vishr\\OneDrive\\Desktop\\Web disign\\amazon-clone\\functions\\10904"}}
[debug] [2020-09-13T15:23:55.435Z] [functions] Runtime ready! Sending request! {"metadata":{"emulator":{"name":"functions"},"message":"[functions] Runtime ready! Sending request!"}}
[debug] [2020-09-13T15:23:55.448Z] [runtime-status] [10904] Ephemeral server handling POST request {"metadata":{"emulator":{"name":"functions"},"function":{"name":"api"},"message":"[runtime-status] [10904] Ephemeral server handling POST request"}}
[info] >  Payment Request Recieved BOOM!!! for this amount >>>  4729000 {"user":"Payment Request Recieved BOOM!!! for this amount >>>  4729000","metadata":{"emulator":{"name":"functions"},"function":{"name":"api"},"message":"\u001b[90m> \u001b[39m Payment Request Recieved BOOM!!! for this amount >>>  4729000"}}
[debug] [2020-09-13T15:23:55.469Z] [runtime-status] [10904] Ephemeral server survived. {"metadata":{"emulator":{"name":"functions"},"function":{"name":"api"},"message":"[runtime-status] [10904] Ephemeral server survived."}}
[info] i  functions: Finished "api" in ~1s {"metadata":{"emulator":{"name":"functions"},"function":{"name":"api"},"message":"Finished \"api\" in ~1s"}}
[debug] [2020-09-13T15:23:57.210Z] [worker-api-3865edf0-242b-4682-8db8-a1809106019e]: IDLE {"metadata":{"emulator":{"name":"functions"},"message":"[worker-api-3865edf0-242b-4682-8db8-a1809106019e]: IDLE"}}
[debug] [2020-09-13T15:23:57.211Z] [work-queue] {"queueLength":0,"workRunningCount":0}
[debug] [2020-09-13T15:25:05.665Z] [work-queue] {"queueLength":1,"workRunningCount":0}
[debug] [2020-09-13T15:25:05.666Z] [work-queue] {"queueLength":0,"workRunningCount":1}
[debug] [2020-09-13T15:25:05.666Z] Accepted request POST /clone-bfb39/us-central1/api/checkout/create?total=4729000 --> api
[debug] [2020-09-13T15:25:05.666Z] [worker-pool] submitWork(triggerId=api) {"metadata":{"emulator":{"name":"functions"},"message":"[worker-pool] submitWork(triggerId=api)"}}
[debug] [2020-09-13T15:25:05.667Z] [worker-api-3865edf0-242b-4682-8db8-a1809106019e]: Assigning socketPath: \\?\pipe\C:\Users\vishr\OneDrive\Desktop\Web disign\amazon-clone\functions\10904 {"metadata":{"emulator":{"name":"functions"},"message":"[worker-api-3865edf0-242b-4682-8db8-a1809106019e]: Assigning socketPath: \\\\?\\pipe\\C:\\Users\\vishr\\OneDrive\\Desktop\\Web disign\\amazon-clone\\functions\\10904"}}
[debug] [2020-09-13T15:25:05.667Z] [worker-api-3865edf0-242b-4682-8db8-a1809106019e]: BUSY {"metadata":{"emulator":{"name":"functions"},"message":"[worker-api-3865edf0-242b-4682-8db8-a1809106019e]: BUSY"}}
[debug] [2020-09-13T15:25:05.669Z] [runtime-status] [10904] Trigger "api" has been found, beginning invocation! {"metadata":{"emulator":{"name":"functions"},"function":{"name":"api"},"message":"[runtime-status] [10904] Trigger \"api\" has been found, beginning invocation!"}}
[info] i  functions: Beginning execution of "api" {"metadata":{"emulator":{"name":"functions"},"function":{"name":"api"},"message":"Beginning execution of \"api\""}}
[debug] [2020-09-13T15:25:05.692Z] [runtime-status] [10904] triggerDefinition {"httpsTrigger":{},"name":"api","entryPoint":"api"} {"metadata":{"emulator":{"name":"functions"},"function":{"name":"api"},"message":"[runtime-status] [10904] triggerDefinition {\"httpsTrigger\":{},\"name\":\"api\",\"entryPoint\":\"api\"}"}}
[debug] [2020-09-13T15:25:05.692Z] [runtime-status] [10904] Running api in mode HTTPS {"metadata":{"emulator":{"name":"functions"},"function":{"name":"api"},"message":"[runtime-status] [10904] Running api in mode HTTPS"}}
[debug] [2020-09-13T15:25:05.693Z] [runtime-status] [10904] Attempting to listen to socketPath: \\?\pipe\C:\Users\vishr\OneDrive\Desktop\Web disign\amazon-clone\functions\10904 {"metadata":{"emulator":{"name":"functions"},"function":{"name":"api"},"message":"[runtime-status] [10904] Attempting to listen to socketPath: \\\\?\\pipe\\C:\\Users\\vishr\\OneDrive\\Desktop\\Web disign\\amazon-clone\\functions\\10904"}}
[debug] [2020-09-13T15:25:05.695Z] [functions] Runtime ready! Sending request! {"metadata":{"emulator":{"name":"functions"},"message":"[functions] Runtime ready! Sending request!"}}
[debug] [2020-09-13T15:25:05.700Z] [runtime-status] [10904] Ephemeral server handling POST request {"metadata":{"emulator":{"name":"functions"},"function":{"name":"api"},"message":"[runtime-status] [10904] Ephemeral server handling POST request"}}
[info] >  Payment Request Recieved BOOM!!! for this amount >>>  4729000 {"user":"Payment Request Recieved BOOM!!! for this amount >>>  4729000","metadata":{"emulator":{"name":"functions"},"function":{"name":"api"},"message":"\u001b[90m> \u001b[39m Payment Request Recieved BOOM!!! for this amount >>>  4729000"}}
[debug] [2020-09-13T15:25:05.719Z] [runtime-status] [10904] Ephemeral server survived. {"metadata":{"emulator":{"name":"functions"},"function":{"name":"api"},"message":"[runtime-status] [10904] Ephemeral server survived."}}
[info] i  functions: Finished "api" in ~1s {"metadata":{"emulator":{"name":"functions"},"function":{"name":"api"},"message":"Finished \"api\" in ~1s"}}
[debug] [2020-09-13T15:25:06.084Z] [worker-api-3865edf0-242b-4682-8db8-a1809106019e]: IDLE {"metadata":{"emulator":{"name":"functions"},"message":"[worker-api-3865edf0-242b-4682-8db8-a1809106019e]: IDLE"}}
[debug] [2020-09-13T15:25:06.085Z] [work-queue] {"queueLength":0,"workRunningCount":0}
[debug] [2020-09-13T15:25:16.306Z] [work-queue] {"queueLength":1,"workRunningCount":0}
[debug] [2020-09-13T15:25:16.306Z] [work-queue] {"queueLength":0,"workRunningCount":1}
[debug] [2020-09-13T15:25:16.306Z] Accepted request POST /clone-bfb39/us-central1/api/checkout/create?total=0 --> api
[debug] [2020-09-13T15:25:16.307Z] [worker-pool] submitWork(triggerId=api) {"metadata":{"emulator":{"name":"functions"},"message":"[worker-pool] submitWork(triggerId=api)"}}
[debug] [2020-09-13T15:25:16.308Z] [worker-api-3865edf0-242b-4682-8db8-a1809106019e]: Assigning socketPath: \\?\pipe\C:\Users\vishr\OneDrive\Desktop\Web disign\amazon-clone\functions\10904 {"metadata":{"emulator":{"name":"functions"},"message":"[worker-api-3865edf0-242b-4682-8db8-a1809106019e]: Assigning socketPath: \\\\?\\pipe\\C:\\Users\\vishr\\OneDrive\\Desktop\\Web disign\\amazon-clone\\functions\\10904"}}
[debug] [2020-09-13T15:25:16.308Z] [worker-api-3865edf0-242b-4682-8db8-a1809106019e]: BUSY {"metadata":{"emulator":{"name":"functions"},"message":"[worker-api-3865edf0-242b-4682-8db8-a1809106019e]: BUSY"}}
[debug] [2020-09-13T15:25:16.309Z] [runtime-status] [10904] Trigger "api" has been found, beginning invocation! {"metadata":{"emulator":{"name":"functions"},"function":{"name":"api"},"message":"[runtime-status] [10904] Trigger \"api\" has been found, beginning invocation!"}}
[info] i  functions: Beginning execution of "api" {"metadata":{"emulator":{"name":"functions"},"function":{"name":"api"},"message":"Beginning execution of \"api\""}}
[debug] [2020-09-13T15:25:16.311Z] [runtime-status] [10904] triggerDefinition {"httpsTrigger":{},"name":"api","entryPoint":"api"} {"metadata":{"emulator":{"name":"functions"},"function":{"name":"api"},"message":"[runtime-status] [10904] triggerDefinition {\"httpsTrigger\":{},\"name\":\"api\",\"entryPoint\":\"api\"}"}}
[debug] [2020-09-13T15:25:16.311Z] [runtime-status] [10904] Running api in mode HTTPS {"metadata":{"emulator":{"name":"functions"},"function":{"name":"api"},"message":"[runtime-status] [10904] Running api in mode HTTPS"}}
[debug] [2020-09-13T15:25:16.312Z] [runtime-status] [10904] Attempting to listen to socketPath: \\?\pipe\C:\Users\vishr\OneDrive\Desktop\Web disign\amazon-clone\functions\10904 {"metadata":{"emulator":{"name":"functions"},"function":{"name":"api"},"message":"[runtime-status] [10904] Attempting to listen to socketPath: \\\\?\\pipe\\C:\\Users\\vishr\\OneDrive\\Desktop\\Web disign\\amazon-clone\\functions\\10904"}}
[debug] [2020-09-13T15:25:16.313Z] [functions] Runtime ready! Sending request! {"metadata":{"emulator":{"name":"functions"},"message":"[functions] Runtime ready! Sending request!"}}
[debug] [2020-09-13T15:25:16.317Z] [runtime-status] [10904] Ephemeral server handling POST request {"metadata":{"emulator":{"name":"functions"},"function":{"name":"api"},"message":"[runtime-status] [10904] Ephemeral server handling POST request"}}
[info] >  Payment Request Recieved BOOM!!! for this amount >>>  0 {"user":"Payment Request Recieved BOOM!!! for this amount >>>  0","metadata":{"emulator":{"name":"functions"},"function":{"name":"api"},"message":"\u001b[90m> \u001b[39m Payment Request Recieved BOOM!!! for this amount >>>  0"}}
[debug] [2020-09-13T15:25:16.332Z] [runtime-status] [10904] Ephemeral server survived. {"metadata":{"emulator":{"name":"functions"},"function":{"name":"api"},"message":"[runtime-status] [10904] Ephemeral server survived."}}
[info] >  (node:10904) UnhandledPromiseRejectionWarning: Error: This value must be greater than or equal to 1. {"user":"(node:10904) UnhandledPromiseRejectionWarning: Error: This value must be greater than or equal to 1.","metadata":{"emulator":{"name":"functions"},"function":{"name":"api"},"message":"\u001b[90m> \u001b[39m (node:10904) UnhandledPromiseRejectionWarning: Error: This value must be greater than or equal to 1."}}
[info] >      at Function.generate (C:\Users\vishr\OneDrive\Desktop\Web disign\amazon-clone\functions\node_modules\stripe\lib\Error.js:39:16) {"user":"    at Function.generate (C:\\Users\\vishr\\OneDrive\\Desktop\\Web disign\\amazon-clone\\functions\\node_modules\\stripe\\lib\\Error.js:39:16)","metadata":{"emulator":{"name":"functions"},"function":{"name":"api"},"message":"\u001b[90m> \u001b[39m     at Function.generate (C:\\Users\\vishr\\OneDrive\\Desktop\\Web disign\\amazon-clone\\functions\\node_modules\\stripe\\lib\\Error.js:39:16)"}}
[info] >      at IncomingMessage.<anonymous> (C:\Users\vishr\OneDrive\Desktop\Web disign\amazon-clone\functions\node_modules\stripe\lib\StripeResource.js:190:33) {"user":"    at IncomingMessage.<anonymous> (C:\\Users\\vishr\\OneDrive\\Desktop\\Web disign\\amazon-clone\\functions\\node_modules\\stripe\\lib\\StripeResource.js:190:33)","metadata":{"emulator":{"name":"functions"},"function":{"name":"api"},"message":"\u001b[90m> \u001b[39m     at IncomingMessage.<anonymous> (C:\\Users\\vishr\\OneDrive\\Desktop\\Web disign\\amazon-clone\\functions\\node_modules\\stripe\\lib\\StripeResource.js:190:33)"}}
[info] >      at Object.onceWrapper (events.js:421:28) {"user":"    at Object.onceWrapper (events.js:421:28)","metadata":{"emulator":{"name":"functions"},"function":{"name":"api"},"message":"\u001b[90m> \u001b[39m     at Object.onceWrapper (events.js:421:28)"}}
[info] >      at IncomingMessage.emit (events.js:327:22) {"user":"    at IncomingMessage.emit (events.js:327:22)","metadata":{"emulator":{"name":"functions"},"function":{"name":"api"},"message":"\u001b[90m> \u001b[39m     at IncomingMessage.emit (events.js:327:22)"}}
[info] >      at endReadableNT (_stream_readable.js:1220:12) {"user":"    at endReadableNT (_stream_readable.js:1220:12)","metadata":{"emulator":{"name":"functions"},"function":{"name":"api"},"message":"\u001b[90m> \u001b[39m     at endReadableNT (_stream_readable.js:1220:12)"}}
[info] >      at processTicksAndRejections (internal/process/task_queues.js:84:21) {"user":"    at processTicksAndRejections (internal/process/task_queues.js:84:21)","metadata":{"emulator":{"name":"functions"},"function":{"name":"api"},"message":"\u001b[90m> \u001b[39m     at processTicksAndRejections (internal/process/task_queues.js:84:21)"}}
[info] >  (node:10904) UnhandledPromiseRejectionWarning: Unhandled promise rejection. This error originated either by throwing inside of an async function without a catch block, or by rejecting a promise which was not handled with .catch(). To terminate the node process on unhandled promise rejection, use the CLI flag `--unhandled-rejections=strict` (see https://nodejs.org/api/cli.html#cli_unhandled_rejections_mode). (rejection id: 1) {"user":"(node:10904) UnhandledPromiseRejectionWarning: Unhandled promise rejection. This error originated either by throwing inside of an async function without a catch block, or by rejecting a promise which was not handled with .catch(). To terminate the node process on unhandled promise rejection, use the CLI flag `--unhandled-rejections=strict` (see https://nodejs.org/api/cli.html#cli_unhandled_rejections_mode). (rejection id: 1)","metadata":{"emulator":{"name":"functions"},"function":{"name":"api"},"message":"\u001b[90m> \u001b[39m (node:10904) UnhandledPromiseRejectionWarning: Unhandled promise rejection. This error originated either by throwing inside of an async function without a catch block, or by rejecting a promise which was not handled with .catch(). To terminate the node process on unhandled promise rejection, use the CLI flag `--unhandled-rejections=strict` (see https://nodejs.org/api/cli.html#cli_unhandled_rejections_mode). (rejection id: 1)"}}
[info] >  (node:10904) [DEP0018] DeprecationWarning: Unhandled promise rejections are deprecated. In the future, promise rejections that are not handled will terminate the Node.js process with a non-zero exit code. {"user":"(node:10904) [DEP0018] DeprecationWarning: Unhandled promise rejections are deprecated. In the future, promise rejections that are not handled will terminate the Node.js process with a non-zero exit code.","metadata":{"emulator":{"name":"functions"},"function":{"name":"api"},"message":"\u001b[90m> \u001b[39m (node:10904) [DEP0018] DeprecationWarning: Unhandled promise rejections are deprecated. In the future, promise rejections that are not handled will terminate the Node.js process with a non-zero exit code."}}
[warn] !  functions: Your function timed out after ~60s. To configure this timeout, see
      https://firebase.google.com/docs/functions/manage-functions#set_timeout_and_memory_allocation. {"metadata":{"emulator":{"name":"functions"},"function":{"name":"api"},"message":"Your function timed out after ~60s. To configure this timeout, see\n      https://firebase.google.com/docs/functions/manage-functions#set_timeout_and_memory_allocation."}}
[info] >  C:\Users\vishr\AppData\Roaming\npm\node_modules\firebase-tools\lib\emulator\functionsEmulatorRuntime.js:642 {"user":"C:\\Users\\vishr\\AppData\\Roaming\\npm\\node_modules\\firebase-tools\\lib\\emulator\\functionsEmulatorRuntime.js:642\r","metadata":{"emulator":{"name":"functions"},"function":{"name":"api"},"message":"\u001b[90m> \u001b[39m C:\\Users\\vishr\\AppData\\Roaming\\npm\\node_modules\\firebase-tools\\lib\\emulator\\functionsEmulatorRuntime.js:642\r"}}
[info] >                  throw new Error("Function timed out."); {"user":"                throw new Error(\"Function timed out.\");\r","metadata":{"emulator":{"name":"functions"},"function":{"name":"api"},"message":"\u001b[90m> \u001b[39m                 throw new Error(\"Function timed out.\");\r"}}
[info] >                  ^ {"user":"                ^\r","metadata":{"emulator":{"name":"functions"},"function":{"name":"api"},"message":"\u001b[90m> \u001b[39m                 ^\r"}}
[info] >   {"user":"\r","metadata":{"emulator":{"name":"functions"},"function":{"name":"api"},"message":"\u001b[90m> \u001b[39m \r"}}
[info] >  Error: Function timed out. {"user":"Error: Function timed out.\r","metadata":{"emulator":{"name":"functions"},"function":{"name":"api"},"message":"\u001b[90m> \u001b[39m Error: Function timed out.\r"}}
[info] >      at Timeout._onTimeout (C:\Users\vishr\AppData\Roaming\npm\node_modules\firebase-tools\lib\emulator\functionsEmulatorRuntime.js:642:23) {"user":"    at Timeout._onTimeout (C:\\Users\\vishr\\AppData\\Roaming\\npm\\node_modules\\firebase-tools\\lib\\emulator\\functionsEmulatorRuntime.js:642:23)\r","metadata":{"emulator":{"name":"functions"},"function":{"name":"api"},"message":"\u001b[90m> \u001b[39m     at Timeout._onTimeout (C:\\Users\\vishr\\AppData\\Roaming\\npm\\node_modules\\firebase-tools\\lib\\emulator\\functionsEmulatorRuntime.js:642:23)\r"}}
[info] >      at listOnTimeout (internal/timers.js:549:17) {"user":"    at listOnTimeout (internal/timers.js:549:17)\r","metadata":{"emulator":{"name":"functions"},"function":{"name":"api"},"message":"\u001b[90m> \u001b[39m     at listOnTimeout (internal/timers.js:549:17)\r"}}
[info] >      at processTimers (internal/timers.js:492:7) {"user":"    at processTimers (internal/timers.js:492:7)\r","metadata":{"emulator":{"name":"functions"},"function":{"name":"api"},"message":"\u001b[90m> \u001b[39m     at processTimers (internal/timers.js:492:7)\r"}}
[debug] [2020-09-13T15:26:16.658Z] [worker-api-3865edf0-242b-4682-8db8-a1809106019e]: exited {"metadata":{"emulator":{"name":"functions"},"message":"[worker-api-3865edf0-242b-4682-8db8-a1809106019e]: exited"}}
[debug] [2020-09-13T15:26:16.659Z] [worker-api-3865edf0-242b-4682-8db8-a1809106019e]: FINISHED {"metadata":{"emulator":{"name":"functions"},"message":"[worker-api-3865edf0-242b-4682-8db8-a1809106019e]: FINISHED"}}
[debug] [2020-09-13T15:26:16.659Z] [work-queue] {"queueLength":0,"workRunningCount":0}
[debug] [2020-09-13T15:37:11.252Z] [worker-~diagnostic~-8b479bfb-5102-463b-a5a1-4f07f8f082d1]: exited {"metadata":{"emulator":{"name":"functions"},"message":"[worker-~diagnostic~-8b479bfb-5102-463b-a5a1-4f07f8f082d1]: exited"}}
[debug] [2020-09-13T15:37:11.253Z] [worker-~diagnostic~-8b479bfb-5102-463b-a5a1-4f07f8f082d1]: FINISHED {"metadata":{"emulator":{"name":"functions"},"message":"[worker-~diagnostic~-8b479bfb-5102-463b-a5a1-4f07f8f082d1]: FINISHED"}}
[debug] [2020-09-13T15:37:11.356Z] Received signal SIGHUP 1
